2025/07/26 17:23:44  Received message: key=loc_1753530812845_847sud5zs, value={"id":"loc_1753530812845_847sud5zs","latitude":12.2958104,"longitude":76.6393805,"accuracy":270725.73066657444,"extensions":["geo-fencer","logger"],"timestamp":1753530812845,"userId":1}
2025/07/26 17:23:44  Received message: key=loc_1753530812854_bvgvf7muc, value={"id":"loc_1753530812854_bvgvf7muc","latitude":12.2958104,"longitude":76.6393805,"accuracy":270725.73066657444,"extensions":["geo-fencer","logger"],"timestamp":1753530812854,"userId":1}
2025/07/26 17:23:44  Received message: key=loc_1753530812856_m7qguft86, value={"id":"loc_1753530812856_m7qguft86","latitude":12.2958104,"longitude":76.6393805,"accuracy":270725.73066657444,"extensions":["geo-fencer","logger"],"timestamp":1753530812856,"userId":1}
2025/07/26 17:23:44  Received message: key=loc_1753530812858_m5r6lcw00, value={"id":"loc_1753530812858_m5r6lcw00","latitude":12.2958104,"longitude":76.6393805,"accuracy":270725.73066657444,"extensions":["geo-fencer","logger"],"timestamp":1753530812858,"userId":1}
2025/07/26 17:23:44  Received message: key=loc_1753530812859_r735h96y4, value={"id":"loc_1753530812859_r735h96y4","latitude":12.2958104,"longitude":76.6393805,"accuracy":270725.73066657444,"extensions":["geo-fencer","logger"],"timestamp":1753530812860,"userId":1}
2025/07/26 17:23:44  Received message: key=loc_1753530812905_owbvuu9d3, value={"id":"loc_1753530812905_owbvuu9d3","latitude":12.2958104,"longitude":76.6393805,"accuracy":270725.73066657444,"extensions":["geo-fencer","logger"],"timestamp":1753530812905,"userId":1}
2025/07/26 17:23:44  Received message: key=loc_1753530812907_glipxo72r, value={"id":"loc_1753530812907_glipxo72r","latitude":12.2958104,"longitude":76.6393805,"accuracy":270725.73066657444,"extensions":["geo-fencer","logger"],"timestamp":1753530812907,"userId":1}
2025/07/26 17:23:44  Received message: key=loc_1753530812908_i8qm9h2de, value={"id":"loc_1753530812908_i8qm9h2de","latitude":12.2958104,"longitude":76.6393805,"accuracy":270725.73066657444,"extensions":["geo-fencer","logger"],"timestamp":1753530812908,"userId":1}
2025/07/26 17:23:44  Received message: key=loc_1753530812913_rmcz0bvzh, value={"id":"loc_1753530812913_rmcz0bvzh","latitude":12.2958104,"longitude":76.6393805,"accuracy":270725.73066657444,"extensions":["geo-fencer","logger"],"timestamp":1753530812913,"userId":1}
2025/07/26 17:23:44  Received message: key=loc_1753530812912_gc85i6ieb, value={"id":"loc_1753530812912_gc85i6ieb","latitude":12.2958104,"longitude":76.6393805,"accuracy":270725.73066657444,"extensions":["geo-fencer","logger"],"timestamp":1753530812912,"userId":1}
2025/07/26 17:23:44  Received message: key=loc_1753530812910_er6sedwkt, value={"id":"loc_1753530812910_er6sedwkt","latitude":12.2958104,"longitude":76.6393805,"accuracy":270725.73066657444,"extensions":["geo-fencer","logger"],"timestamp":1753530812910,"userId":1}
2025/07/26 17:23:44  Received message: key=loc_1753530812915_xmfmo9q61, value={"id":"loc_1753530812915_xmfmo9q61","latitude":12.2958104,"longitude":76.6393805,"accuracy":270725.73066657444,"extensions":["geo-fencer","logger"],"timestamp":1753530812915,"userId":1}
2025/07/26 17:23:44  Received message: key=loc_1753530812916_j62gz3smr, value={"id":"loc_1753530812916_j62gz3smr","latitude":12.2958104,"longitude":76.6393805,"accuracy":270725.73066657444,"extensions":["geo-fencer","logger"],"timestamp":1753530812916,"userId":1}
2025/07/26 17:23:44  Received message: key=loc_1753530812919_rlbwkhmwz, value={"id":"loc_1753530812919_rlbwkhmwz","latitude":12.2958104,"longitude":76.6393805,"accuracy":270725.73066657444,"extensions":["geo-fencer","logger"],"timestamp":1753530812919,"userId":1}
2025/07/26 17:23:44  Received message: key=loc_1753530812921_8hqqizbza, value={"id":"loc_1753530812921_8hqqizbza","latitude":12.2958104,"longitude":76.6393805,"accuracy":270725.73066657444,"extensions":["geo-fencer","logger"],"timestamp":1753530812921,"userId":1}
2025/07/26 17:23:44  Received message: key=loc_1753530812917_u1tykoeb9, value={"id":"loc_1753530812917_u1tykoeb9","latitude":12.2958104,"longitude":76.6393805,"accuracy":270725.73066657444,"extensions":["geo-fencer","logger"],"timestamp":1753530812917,"userId":1}
2025/07/26 17:23:44  Received message: key=loc_1753530812918_kp570a4o8, value={"id":"loc_1753530812918_kp570a4o8","latitude":12.2958104,"longitude":76.6393805,"accuracy":270725.73066657444,"extensions":["geo-fencer","logger"],"timestamp":1753530812918,"userId":1}
2025/07/26 17:23:44  Received message: key=loc_1753530812922_hscdem8du, value={"id":"loc_1753530812922_hscdem8du","latitude":12.2958104,"longitude":76.6393805,"accuracy":270725.73066657444,"extensions":["geo-fencer","logger"],"timestamp":1753530812922,"userId":1}
2025/07/26 17:23:44  Received message: key=loc_1753530812923_524ssxrr9, value={"id":"loc_1753530812923_524ssxrr9","latitude":12.2958104,"longitude":76.6393805,"accuracy":270725.73066657444,"extensions":["geo-fencer","logger"],"timestamp":1753530812923,"userId":1}
2025/07/26 18:08:01  Received message: key=1, value={"id":"loc_1753533480807_lk606kubd","latitude":12.2958104,"longitude":76.6393805,"accuracy":270725.73066657444,"extensions":[],"timestamp":1753533480807,"userId":1}
2025/07/26 18:08:01  Received message: key=1, value={"id":"loc_1753533480818_3bo2cqabt","latitude":12.2958104,"longitude":76.6393805,"accuracy":270725.73066657444,"extensions":[],"timestamp":1753533480818,"userId":1}
2025/07/26 18:08:01  Received message: key=1, value={"id":"loc_1753533480820_jnlgd7t7y","latitude":12.2958104,"longitude":76.6393805,"accuracy":270725.73066657444,"extensions":[],"timestamp":1753533480820,"userId":1}
2025/07/26 18:08:01  Received message: key=1, value={"id":"loc_1753533480823_jm9tb925f","latitude":12.2958104,"longitude":76.6393805,"accuracy":270725.73066657444,"extensions":[],"timestamp":1753533480823,"userId":1}
2025/07/26 18:08:01  Received message: key=1, value={"id":"loc_1753533480860_ponok3djb","latitude":12.2958104,"longitude":76.6393805,"accuracy":270725.73066657444,"extensions":[],"timestamp":1753533480860,"userId":1}
2025/07/26 18:08:01  Received message: key=1, value={"id":"loc_1753533480863_1yfpkrnms","latitude":12.2958104,"longitude":76.6393805,"accuracy":270725.73066657444,"extensions":[],"timestamp":1753533480863,"userId":1}
2025/07/26 18:08:02  Received message: key=1, value={"id":"loc_1753533480865_juzgq6iug","latitude":12.2958104,"longitude":76.6393805,"accuracy":270725.73066657444,"extensions":[],"timestamp":1753533480865,"userId":1}
2025/07/26 18:08:02  Received message: key=1, value={"id":"loc_1753533480868_10dndxg1f","latitude":12.2958104,"longitude":76.6393805,"accuracy":270725.73066657444,"extensions":[],"timestamp":1753533480868,"userId":1}
2025/07/26 18:08:02  Received message: key=1, value={"id":"loc_1753533480869_jd55rgq41","latitude":12.2958104,"longitude":76.6393805,"accuracy":270725.73066657444,"extensions":[],"timestamp":1753533480869,"userId":1}
2025/07/26 18:08:02  Received message: key=1, value={"id":"loc_1753533480866_ioin8y8j8","latitude":12.2958104,"longitude":76.6393805,"accuracy":270725.73066657444,"extensions":[],"timestamp":1753533480866,"userId":1}
2025/07/26 18:08:02  Received message: key=1, value={"id":"loc_1753533480872_d4ktfsqt2","latitude":12.2958104,"longitude":76.6393805,"accuracy":270725.73066657444,"extensions":[],"timestamp":1753533480872,"userId":1}
2025/07/26 18:08:02  Received message: key=1, value={"id":"loc_1753533480870_ip3st0914","latitude":12.2958104,"longitude":76.6393805,"accuracy":270725.73066657444,"extensions":[],"timestamp":1753533480870,"userId":1}
2025/07/26 18:08:03  Received message: key=1, value={"id":"loc_1753533480873_b3ll60ai2","latitude":12.2958104,"longitude":76.6393805,"accuracy":270725.73066657444,"extensions":[],"timestamp":1753533480873,"userId":1}
2025/07/26 18:08:03  Received message: key=1, value={"id":"loc_1753533480874_nbwdoz6s9","latitude":12.2958104,"longitude":76.6393805,"accuracy":270725.73066657444,"extensions":[],"timestamp":1753533480874,"userId":1}
2025/07/26 18:08:03  Received message: key=1, value={"id":"loc_1753533480877_2l4udnuho","latitude":12.2958104,"longitude":76.6393805,"accuracy":270725.73066657444,"extensions":[],"timestamp":1753533480877,"userId":1}
2025/07/26 18:08:03  Received message: key=1, value={"id":"loc_1753533480875_e35zw0evn","latitude":12.2958104,"longitude":76.6393805,"accuracy":270725.73066657444,"extensions":[],"timestamp":1753533480875,"userId":1}
2025/07/26 18:08:03  Received message: key=1, value={"id":"loc_1753533480876_pfeqiiq2q","latitude":12.2958104,"longitude":76.6393805,"accuracy":270725.73066657444,"extensions":[],"timestamp":1753533480876,"userId":1}
2025/07/26 18:08:03  Received message: key=1, value={"id":"loc_1753533480878_73138jt0e","latitude":12.2958104,"longitude":76.6393805,"accuracy":270725.73066657444,"extensions":[],"timestamp":1753533480878,"userId":1}
2025/07/26 18:08:04  Received message: key=1, value={"id":"loc_1753533480879_a6p3f9bej","latitude":12.2958104,"longitude":76.6393805,"accuracy":270725.73066657444,"extensions":[],"timestamp":1753533480879,"userId":1}
2025/07/26 18:08:04  Received message: key=1, value={"id":"loc_1753533480880_dp3jw98k4","latitude":12.2958104,"longitude":76.6393805,"accuracy":270725.73066657444,"extensions":[],"timestamp":1753533480880,"userId":1}
2025/07/26 18:08:04  Received message: key=1, value={"id":"loc_1753533483749_8p7xo1ik8","latitude":12.2958104,"longitude":76.6393805,"accuracy":270725.73066657444,"extensions":[],"timestamp":1753533483749,"userId":1}
2025/07/26 18:08:04  Received message: key=1, value={"id":"loc_1753533483744_ajdehbd69","latitude":12.2958104,"longitude":76.6393805,"accuracy":270725.73066657444,"extensions":[],"timestamp":1753533483744,"userId":1}
2025/07/26 18:08:04  Received message: key=1, value={"id":"loc_1753533483751_usqedgs6o","latitude":12.2958104,"longitude":76.6393805,"accuracy":270725.73066657444,"extensions":[],"timestamp":1753533483751,"userId":1}
2025/07/26 18:08:04  Received message: key=1, value={"id":"loc_1753533483747_rio6m7ivv","latitude":12.2958104,"longitude":76.6393805,"accuracy":270725.73066657444,"extensions":[],"timestamp":1753533483747,"userId":1}
2025/07/26 18:08:05  Received message: key=1, value={"id":"loc_1753533483753_qg3ad1luq","latitude":12.2958104,"longitude":76.6393805,"accuracy":270725.73066657444,"extensions":[],"timestamp":1753533483753,"userId":1}
2025/07/26 18:08:05  Received message: key=1, value={"id":"loc_1753533483754_cg305laaf","latitude":12.2958104,"longitude":76.6393805,"accuracy":270725.73066657444,"extensions":[],"timestamp":1753533483754,"userId":1}
2025/07/26 18:08:05  Received message: key=1, value={"id":"loc_1753533483806_7jr2k9qss","latitude":12.2958104,"longitude":76.6393805,"accuracy":270725.73066657444,"extensions":[],"timestamp":1753533483806,"userId":1}
2025/07/26 18:08:05  Received message: key=1, value={"id":"loc_1753533483807_4fc3u0yg6","latitude":12.2958104,"longitude":76.6393805,"accuracy":270725.73066657444,"extensions":[],"timestamp":1753533483807,"userId":1}
2025/07/26 18:08:05  Received message: key=1, value={"id":"loc_1753533483803_oa4du8d4z","latitude":12.2958104,"longitude":76.6393805,"accuracy":270725.73066657444,"extensions":[],"timestamp":1753533483803,"userId":1}
2025/07/26 18:08:05  Received message: key=1, value={"id":"loc_1753533483808_zmphlc1qg","latitude":12.2958104,"longitude":76.6393805,"accuracy":270725.73066657444,"extensions":[],"timestamp":1753533483808,"userId":1}
2025/07/26 18:08:06  Received message: key=1, value={"id":"loc_1753533483810_93yhsfe7w","latitude":12.2958104,"longitude":76.6393805,"accuracy":270725.73066657444,"extensions":[],"timestamp":1753533483810,"userId":1}
2025/07/26 18:08:06  Received message: key=1, value={"id":"loc_1753533483811_ngb6ruz3d","latitude":12.2958104,"longitude":76.6393805,"accuracy":270725.73066657444,"extensions":[],"timestamp":1753533483811,"userId":1}
2025/07/26 18:08:06  Received message: key=1, value={"id":"loc_1753533483811_bj608ji5d","latitude":12.2958104,"longitude":76.6393805,"accuracy":270725.73066657444,"extensions":[],"timestamp":1753533483811,"userId":1}
2025/07/26 18:08:06  Received message: key=1, value={"id":"loc_1753533483813_sbqlruvgf","latitude":12.2958104,"longitude":76.6393805,"accuracy":270725.73066657444,"extensions":[],"timestamp":1753533483813,"userId":1}
2025/07/26 18:08:06  Received message: key=1, value={"id":"loc_1753533483814_dm21zfz5o","latitude":12.2958104,"longitude":76.6393805,"accuracy":270725.73066657444,"extensions":[],"timestamp":1753533483814,"userId":1}
2025/07/26 18:08:06  Received message: key=1, value={"id":"loc_1753533483815_d9g3z82t4","latitude":12.2958104,"longitude":76.6393805,"accuracy":270725.73066657444,"extensions":[],"timestamp":1753533483815,"userId":1}
2025/07/26 18:08:07  Received message: key=1, value={"id":"loc_1753533483817_8cewdnttl","latitude":12.2958104,"longitude":76.6393805,"accuracy":270725.73066657444,"extensions":[],"timestamp":1753533483817,"userId":1}
2025/07/26 18:08:07  Received message: key=1, value={"id":"loc_1753533483818_hyy4hzzm3","latitude":12.2958104,"longitude":76.6393805,"accuracy":270725.73066657444,"extensions":[],"timestamp":1753533483818,"userId":1}
2025/07/26 18:08:07  Received message: key=1, value={"id":"loc_1753533483819_zdc8cz4uj","latitude":12.2958104,"longitude":76.6393805,"accuracy":270725.73066657444,"extensions":[],"timestamp":1753533483819,"userId":1}
2025/07/26 18:08:07  Received message: key=1, value={"id":"loc_1753533483820_am25lt728","latitude":12.2958104,"longitude":76.6393805,"accuracy":270725.73066657444,"extensions":[],"timestamp":1753533483820,"userId":1}
2025/07/26 19:14:12  Received message: key=1, value={"id":"loc_1753537451063_pqs5ge64j","latitude":12.2958104,"longitude":76.6393805,"accuracy":270725.73066657444,"extensions":["geo-fencer","logger"],"timestamp":1753537451063,"userId":1}
2025/07/26 19:14:12  Received message: key=1, value={"id":"loc_1753537451071_8cwmsf6vv","latitude":12.2958104,"longitude":76.6393805,"accuracy":270725.73066657444,"extensions":["geo-fencer","logger"],"timestamp":1753537451071,"userId":1}
2025/07/26 19:14:12  Received message: key=1, value={"id":"loc_1753537451072_a50ierrdl","latitude":12.2958104,"longitude":76.6393805,"accuracy":270725.73066657444,"extensions":["geo-fencer","logger"],"timestamp":1753537451072,"userId":1}
2025/07/26 19:14:12  Received message: key=1, value={"id":"loc_1753537451098_ra0nk5kn7","latitude":12.2958104,"longitude":76.6393805,"accuracy":270725.73066657444,"extensions":["geo-fencer","logger"],"timestamp":1753537451098,"userId":1}
2025/07/26 19:14:12  Received message: key=1, value={"id":"loc_1753537451100_6fxlca9pv","latitude":12.2958104,"longitude":76.6393805,"accuracy":270725.73066657444,"extensions":["geo-fencer","logger"],"timestamp":1753537451100,"userId":1}
2025/07/26 19:14:12  Received message: key=1, value={"id":"loc_1753537451101_hrzgcy5ij","latitude":12.2958104,"longitude":76.6393805,"accuracy":270725.73066657444,"extensions":["geo-fencer","logger"],"timestamp":1753537451101,"userId":1}
2025/07/26 19:14:13  Received message: key=1, value={"id":"loc_1753537451102_pztppl46x","latitude":12.2958104,"longitude":76.6393805,"accuracy":270725.73066657444,"extensions":["geo-fencer","logger"],"timestamp":1753537451102,"userId":1}
2025/07/26 19:14:13  Received message: key=1, value={"id":"loc_1753537451103_v4ebhsbjy","latitude":12.2958104,"longitude":76.6393805,"accuracy":270725.73066657444,"extensions":["geo-fencer","logger"],"timestamp":1753537451103,"userId":1}
2025/07/26 19:14:13  Received message: key=1, value={"id":"loc_1753537451108_jtkfwmc4d","latitude":12.2958104,"longitude":76.6393805,"accuracy":270725.73066657444,"extensions":["geo-fencer","logger"],"timestamp":1753537451108,"userId":1}
2025/07/26 19:14:13  Received message: key=1, value={"id":"loc_1753537451109_f2p09032p","latitude":12.2958104,"longitude":76.6393805,"accuracy":270725.73066657444,"extensions":["geo-fencer","logger"],"timestamp":1753537451109,"userId":1}
2025/07/26 19:14:13  Received message: key=1, value={"id":"loc_1753537451106_69z4tjcq6","latitude":12.2958104,"longitude":76.6393805,"accuracy":270725.73066657444,"extensions":["geo-fencer","logger"],"timestamp":1753537451106,"userId":1}
2025/07/26 19:14:13  Received message: key=1, value={"id":"loc_1753537451105_xppwjg26l","latitude":12.2958104,"longitude":76.6393805,"accuracy":270725.73066657444,"extensions":["geo-fencer","logger"],"timestamp":1753537451105,"userId":1}
2025/07/26 19:14:14  Received message: key=1, value={"id":"loc_1753537451110_gx9mdgoga","latitude":12.2958104,"longitude":76.6393805,"accuracy":270725.73066657444,"extensions":["geo-fencer","logger"],"timestamp":1753537451110,"userId":1}
2025/07/26 19:14:14  Received message: key=1, value={"id":"loc_1753537451112_3vr3krio7","latitude":12.2958104,"longitude":76.6393805,"accuracy":270725.73066657444,"extensions":["geo-fencer","logger"],"timestamp":1753537451112,"userId":1}
2025/07/26 19:14:14  Received message: key=1, value={"id":"loc_1753537451117_khhu79jz0","latitude":12.2958104,"longitude":76.6393805,"accuracy":270725.73066657444,"extensions":["geo-fencer","logger"],"timestamp":1753537451117,"userId":1}
2025/07/26 19:14:14  Received message: key=1, value={"id":"loc_1753537451114_05xlkbdf3","latitude":12.2958104,"longitude":76.6393805,"accuracy":270725.73066657444,"extensions":["geo-fencer","logger"],"timestamp":1753537451114,"userId":1}
2025/07/26 19:14:14  Received message: key=1, value={"id":"loc_1753537451113_li9t1ttty","latitude":12.2958104,"longitude":76.6393805,"accuracy":270725.73066657444,"extensions":["geo-fencer","logger"],"timestamp":1753537451113,"userId":1}
2025/07/26 19:14:14  Received message: key=1, value={"id":"loc_1753537451116_189b4k7y0","latitude":12.2958104,"longitude":76.6393805,"accuracy":270725.73066657444,"extensions":["geo-fencer","logger"],"timestamp":1753537451116,"userId":1}
2025/07/26 19:14:15  Received message: key=1, value={"id":"loc_1753537451118_g9dphrty8","latitude":12.2958104,"longitude":76.6393805,"accuracy":270725.73066657444,"extensions":["geo-fencer","logger"],"timestamp":1753537451118,"userId":1}
2025/07/26 19:14:15  Received message: key=1, value={"id":"loc_1753537451119_asaawsusy","latitude":12.2958104,"longitude":76.6393805,"accuracy":270725.73066657444,"extensions":["geo-fencer","logger"],"timestamp":1753537451119,"userId":1}
2025/07/26 19:14:15  Received message: key=1, value={"id":"loc_1753537451121_af9w383a0","latitude":12.2958104,"longitude":76.6393805,"accuracy":270725.73066657444,"extensions":["geo-fencer","logger"],"timestamp":1753537451121,"userId":1}
2025/07/26 19:14:15  Received message: key=1, value={"id":"loc_1753537451120_snwraooyk","latitude":12.2958104,"longitude":76.6393805,"accuracy":270725.73066657444,"extensions":["geo-fencer","logger"],"timestamp":1753537451120,"userId":1}
2025/07/26 19:14:15  Received message: key=1, value={"id":"loc_1753537451122_d01mvjgtf","latitude":12.2958104,"longitude":76.6393805,"accuracy":270725.73066657444,"extensions":["geo-fencer","logger"],"timestamp":1753537451122,"userId":1}
2025/07/26 19:14:15  Received message: key=1, value={"id":"loc_1753537451123_s85re94l7","latitude":12.2958104,"longitude":76.6393805,"accuracy":270725.73066657444,"extensions":["geo-fencer","logger"],"timestamp":1753537451123,"userId":1}
2025/07/26 19:14:16  Received message: key=1, value={"id":"loc_1753537451124_bsj724y0e","latitude":12.2958104,"longitude":76.6393805,"accuracy":270725.73066657444,"extensions":["geo-fencer","logger"],"timestamp":1753537451124,"userId":1}
2025/07/26 19:14:16  Received message: key=1, value={"id":"loc_1753537451126_05kbin5o5","latitude":12.2958104,"longitude":76.6393805,"accuracy":270725.73066657444,"extensions":["geo-fencer","logger"],"timestamp":1753537451126,"userId":1}
2025/07/26 19:14:16  Received message: key=1, value={"id":"loc_1753537451130_cnf5hddh0","latitude":12.2958104,"longitude":76.6393805,"accuracy":270725.73066657444,"extensions":["geo-fencer","logger"],"timestamp":1753537451130,"userId":1}
2025/07/26 19:14:16  Received message: key=1, value={"id":"loc_1753537451131_4bk7dvaly","latitude":12.2958104,"longitude":76.6393805,"accuracy":270725.73066657444,"extensions":["geo-fencer","logger"],"timestamp":1753537451131,"userId":1}
2025/07/26 19:14:16  Received message: key=1, value={"id":"loc_1753537451125_sr08oq7vu","latitude":12.2958104,"longitude":76.6393805,"accuracy":270725.73066657444,"extensions":["geo-fencer","logger"],"timestamp":1753537451125,"userId":1}
2025/07/26 19:14:16  Received message: key=1, value={"id":"loc_1753537451129_a3oxf8se4","latitude":12.2958104,"longitude":76.6393805,"accuracy":270725.73066657444,"extensions":["geo-fencer","logger"],"timestamp":1753537451129,"userId":1}
2025/07/26 19:14:17  Received message: key=1, value={"id":"loc_1753537451132_xkby410q1","latitude":12.2958104,"longitude":76.6393805,"accuracy":270725.73066657444,"extensions":["geo-fencer","logger"],"timestamp":1753537451132,"userId":1}
2025/07/26 19:14:17  Received message: key=1, value={"id":"loc_1753537451135_e7rw0o30h","latitude":12.2958104,"longitude":76.6393805,"accuracy":270725.73066657444,"extensions":["geo-fencer","logger"],"timestamp":1753537451135,"userId":1}
2025/07/26 19:14:17  Received message: key=1, value={"id":"loc_1753537451136_edtgyaqlz","latitude":12.2958104,"longitude":76.6393805,"accuracy":270725.73066657444,"extensions":["geo-fencer","logger"],"timestamp":1753537451136,"userId":1}
2025/07/26 19:14:17  Received message: key=1, value={"id":"loc_1753537451137_l3met502u","latitude":12.2958104,"longitude":76.6393805,"accuracy":270725.73066657444,"extensions":["geo-fencer","logger"],"timestamp":1753537451137,"userId":1}
2025/07/26 19:14:17  Received message: key=1, value={"id":"loc_1753537451133_xa5g2sgdl","latitude":12.2958104,"longitude":76.6393805,"accuracy":270725.73066657444,"extensions":["geo-fencer","logger"],"timestamp":1753537451133,"userId":1}
2025/07/26 19:14:17  Received message: key=1, value={"id":"loc_1753537451134_si5awia0a","latitude":12.2958104,"longitude":76.6393805,"accuracy":270725.73066657444,"extensions":["geo-fencer","logger"],"timestamp":1753537451134,"userId":1}
2025/07/26 19:14:18  Received message: key=1, value={"id":"loc_1753537451138_elfqt4h3d","latitude":12.2958104,"longitude":76.6393805,"accuracy":270725.73066657444,"extensions":["geo-fencer","logger"],"timestamp":1753537451138,"userId":1}
2025/07/26 19:14:18  Received message: key=1, value={"id":"loc_1753537451140_qw4kz992o","latitude":12.2958104,"longitude":76.6393805,"accuracy":270725.73066657444,"extensions":["geo-fencer","logger"],"timestamp":1753537451140,"userId":1}
2025/07/26 19:14:18  Received message: key=1, value={"id":"loc_1753537451139_3bkxe5kf1","latitude":12.2958104,"longitude":76.6393805,"accuracy":270725.73066657444,"extensions":["geo-fencer","logger"],"timestamp":1753537451139,"userId":1}
2025/07/26 19:14:18  Received message: key=1, value={"id":"loc_1753537451142_5nc7dmr45","latitude":12.2958104,"longitude":76.6393805,"accuracy":270725.73066657444,"extensions":["geo-fencer","logger"],"timestamp":1753537451142,"userId":1}
2025/07/26 19:14:18  Received message: key=1, value={"id":"loc_1753537451140_o1u8b75fv","latitude":12.2958104,"longitude":76.6393805,"accuracy":270725.73066657444,"extensions":["geo-fencer","logger"],"timestamp":1753537451140,"userId":1}
2025/07/26 19:14:18  Received message: key=1, value={"id":"loc_1753537451143_xq25m93pp","latitude":12.2958104,"longitude":76.6393805,"accuracy":270725.73066657444,"extensions":["geo-fencer","logger"],"timestamp":1753537451143,"userId":1}
2025/07/26 19:14:19  Received message: key=1, value={"id":"loc_1753537451144_0qquuvnne","latitude":12.2958104,"longitude":76.6393805,"accuracy":270725.73066657444,"extensions":["geo-fencer","logger"],"timestamp":1753537451144,"userId":1}
2025/07/26 19:32:54  Received message: key=1, value={"id":"loc_1753538573343_uh94xxmen","latitude":12.2958104,"longitude":76.6393805,"accuracy":270725.73066657444,"extensions":[],"timestamp":1753538573344,"userId":1}
2025/07/26 19:32:54  Received message: key=1, value={"id":"loc_1753538573354_5bb05mwa0","latitude":12.2958104,"longitude":76.6393805,"accuracy":270725.73066657444,"extensions":[],"timestamp":1753538573354,"userId":1}
2025/07/26 19:32:54  Received message: key=1, value={"id":"loc_1753538573352_rzz5d8wp7","latitude":12.2958104,"longitude":76.6393805,"accuracy":270725.73066657444,"extensions":[],"timestamp":1753538573352,"userId":1}
2025/07/26 19:32:54  Received message: key=1, value={"id":"loc_1753538574249_82fyjx3pu","latitude":12.2958104,"longitude":76.6393805,"accuracy":270725.73066657444,"extensions":[],"timestamp":1753538574249,"userId":1}
2025/07/26 19:32:54  Received message: key=1, value={"id":"loc_1753538574253_k3c5p3o88","latitude":12.2958104,"longitude":76.6393805,"accuracy":270725.73066657444,"extensions":[],"timestamp":1753538574253,"userId":1}
2025/07/26 19:32:54  Received message: key=1, value={"id":"loc_1753538574254_cd4d8ov5w","latitude":12.2958104,"longitude":76.6393805,"accuracy":270725.73066657444,"extensions":[],"timestamp":1753538574254,"userId":1}
2025/07/26 19:32:55  Received message: key=1, value={"id":"loc_1753538574256_nxi101j71","latitude":12.2958104,"longitude":76.6393805,"accuracy":270725.73066657444,"extensions":[],"timestamp":1753538574256,"userId":1}
2025/07/26 19:32:55  Received message: key=1, value={"id":"loc_1753538574310_x60lmhqwk","latitude":12.2958104,"longitude":76.6393805,"accuracy":270725.73066657444,"extensions":[],"timestamp":1753538574310,"userId":1}
2025/07/26 19:32:55  Received message: key=1, value={"id":"loc_1753538574258_b9nb102i7","latitude":12.2958104,"longitude":76.6393805,"accuracy":270725.73066657444,"extensions":[],"timestamp":1753538574258,"userId":1}
2025/07/26 19:32:55  Received message: key=1, value={"id":"loc_1753538574306_vf4emcrdn","latitude":12.2958104,"longitude":76.6393805,"accuracy":270725.73066657444,"extensions":[],"timestamp":1753538574306,"userId":1}
2025/07/26 19:32:55  Received message: key=1, value={"id":"loc_1753538574260_iz8yurubw","latitude":12.2958104,"longitude":76.6393805,"accuracy":270725.73066657444,"extensions":[],"timestamp":1753538574260,"userId":1}
2025/07/26 19:32:55  Received message: key=1, value={"id":"loc_1753538574308_xvjgnk788","latitude":12.2958104,"longitude":76.6393805,"accuracy":270725.73066657444,"extensions":[],"timestamp":1753538574308,"userId":1}
2025/07/26 19:32:56  Received message: key=1, value={"id":"loc_1753538574311_tkke9cca1","latitude":12.2958104,"longitude":76.6393805,"accuracy":270725.73066657444,"extensions":[],"timestamp":1753538574311,"userId":1}
2025/07/26 19:32:56  Received message: key=1, value={"id":"loc_1753538574315_ziwz626xd","latitude":12.2958104,"longitude":76.6393805,"accuracy":270725.73066657444,"extensions":[],"timestamp":1753538574315,"userId":1}
2025/07/26 19:32:56  Received message: key=1, value={"id":"loc_1753538574317_05md6cte0","latitude":12.2958104,"longitude":76.6393805,"accuracy":270725.73066657444,"extensions":[],"timestamp":1753538574317,"userId":1}
2025/07/26 19:32:56  Received message: key=1, value={"id":"loc_1753538574313_93j79k1hs","latitude":12.2958104,"longitude":76.6393805,"accuracy":270725.73066657444,"extensions":[],"timestamp":1753538574313,"userId":1}
2025/07/26 19:32:56  Received message: key=1, value={"id":"loc_1753538574316_7zhcx4jx4","latitude":12.2958104,"longitude":76.6393805,"accuracy":270725.73066657444,"extensions":[],"timestamp":1753538574316,"userId":1}
2025/07/26 19:32:56  Received message: key=1, value={"id":"loc_1753538574312_bg8nkkk04","latitude":12.2958104,"longitude":76.6393805,"accuracy":270725.73066657444,"extensions":[],"timestamp":1753538574312,"userId":1}
2025/07/26 19:32:57  Received message: key=1, value={"id":"loc_1753538574318_a6x6gkoip","latitude":12.2958104,"longitude":76.6393805,"accuracy":270725.73066657444,"extensions":[],"timestamp":1753538574318,"userId":1}
2025/07/26 19:32:57  Received message: key=1, value={"id":"loc_1753538574322_7cbzsjbxc","latitude":12.2958104,"longitude":76.6393805,"accuracy":270725.73066657444,"extensions":[],"timestamp":1753538574322,"userId":1}
2025/07/26 19:32:57  Received message: key=1, value={"id":"loc_1753538574323_5ed61f9r7","latitude":12.2958104,"longitude":76.6393805,"accuracy":270725.73066657444,"extensions":[],"timestamp":1753538574323,"userId":1}
2025/07/26 19:32:57  Received message: key=1, value={"id":"loc_1753538574323_yg0yleg5r","latitude":12.2958104,"longitude":76.6393805,"accuracy":270725.73066657444,"extensions":[],"timestamp":1753538574323,"userId":1}
2025/07/26 19:32:57  Received message: key=1, value={"id":"loc_1753538574320_1dbf4s7bn","latitude":12.2958104,"longitude":76.6393805,"accuracy":270725.73066657444,"extensions":[],"timestamp":1753538574320,"userId":1}
2025/07/26 19:32:57  Received message: key=1, value={"id":"loc_1753538574325_wuoogj3j3","latitude":12.2958104,"longitude":76.6393805,"accuracy":270725.73066657444,"extensions":[],"timestamp":1753538574325,"userId":1}
